<?xml version="1.0" encoding="UTF-8"?>
<testng-results skipped="0" failed="0" total="1" passed="1">
  <reporter-output>
  </reporter-output>
  <suite name="Default suite" duration-ms="52449" started-at="2019-12-29T05:41:22Z" finished-at="2019-12-29T05:42:15Z">
    <groups>
    </groups>
    <test name="Default test" duration-ms="52449" started-at="2019-12-29T05:41:22Z" finished-at="2019-12-29T05:42:15Z">
      <class name="POM_Gmail_TestScript1.Test_Script2">
        <test-method status="PASS" signature="Testlogin()[pri:0, instance:POM_Gmail_TestScript1.Test_Script2@6d00a15d]" name="Testlogin" duration-ms="52418" started-at="2019-12-29T11:11:23Z" finished-at="2019-12-29T11:12:15Z">
          <reporter-output>
          </reporter-output>
        </test-method> <!-- Testlogin -->
      </class> <!-- POM_Gmail_TestScript1.Test_Script2 -->
    </test> <!-- Default test -->
  </suite> <!-- Default suite -->
</testng-results>
